Using pre-set license
Built from '2021.3/staging' branch; Version is '2021.3.4f1 (cb45f9cae8b7) revision 13321721'; Using compiler version '192829333'; Build Type 'Release'
OS: 'Windows 11  (10.0.22000) 64bit Education' Language: 'ca' Physical Memory: 16266 MB
BatchMode: 1, IsHumanControllingUs: 0, StartBugReporterOnCrash: 0, Is64bit: 1, IsPro: 1

COMMAND LINE ARGUMENTS:
C:\Program Files\Unity\Hub\Editor\2021.3.4f1\Editor\Unity.exe
-adb2
-batchMode
-noUpm
-name
AssetImportWorker0
-projectPath
C:/Users/laiapp4/My project
-logFile
Logs/AssetImportWorker0.log
-srvPort
64854
Successfully changed project path to: C:/Users/laiapp4/My project
C:/Users/laiapp4/My project
[UnityMemory] Configuration Parameters - Can be set up in boot.config
    "memorysetup-bucket-allocator-granularity=16"
    "memorysetup-bucket-allocator-bucket-count=8"
    "memorysetup-bucket-allocator-block-size=33554432"
    "memorysetup-bucket-allocator-block-count=8"
    "memorysetup-main-allocator-block-size=16777216"
    "memorysetup-thread-allocator-block-size=16777216"
    "memorysetup-gfx-main-allocator-block-size=16777216"
    "memorysetup-gfx-thread-allocator-block-size=16777216"
    "memorysetup-cache-allocator-block-size=4194304"
    "memorysetup-typetree-allocator-block-size=2097152"
    "memorysetup-profiler-bucket-allocator-granularity=16"
    "memorysetup-profiler-bucket-allocator-bucket-count=8"
    "memorysetup-profiler-bucket-allocator-block-size=33554432"
    "memorysetup-profiler-bucket-allocator-block-count=8"
    "memorysetup-profiler-allocator-block-size=16777216"
    "memorysetup-profiler-editor-allocator-block-size=1048576"
    "memorysetup-temp-allocator-size-main=16777216"
    "memorysetup-job-temp-allocator-block-size=2097152"
    "memorysetup-job-temp-allocator-block-size-background=1048576"
    "memorysetup-job-temp-allocator-reduction-small-platforms=262144"
    "memorysetup-temp-allocator-size-background-worker=32768"
    "memorysetup-temp-allocator-size-job-worker=262144"
    "memorysetup-temp-allocator-size-preload-manager=33554432"
    "memorysetup-temp-allocator-size-nav-mesh-worker=65536"
    "memorysetup-temp-allocator-size-audio-worker=65536"
    "memorysetup-temp-allocator-size-cloud-worker=32768"
    "memorysetup-temp-allocator-size-gi-baking-worker=262144"
    "memorysetup-temp-allocator-size-gfx=262144"
Refreshing native plugins compatible for Editor in 159.12 ms, found 3 plugins.
Preloading 0 native plugins for Editor in 0.00 ms.
Initialize engine version: 2021.3.4f1 (cb45f9cae8b7)
[Subsystems] Discovering subsystems at path C:/Program Files/Unity/Hub/Editor/2021.3.4f1/Editor/Data/Resources/UnitySubsystems
[Subsystems] Discovering subsystems at path C:/Users/laiapp4/My project/Assets
GfxDevice: creating device client; threaded=0; jobified=0
Direct3D:
    Version:  Direct3D 11.0 [level 11.1]
    Renderer: AMD Radeon (TM) R7 M370 (ID=0x6600)
    Vendor:   ATI
    VRAM:     2028 MB
    Driver:   27.20.20912.1002
Initialize mono
Mono path[0] = 'C:/Program Files/Unity/Hub/Editor/2021.3.4f1/Editor/Data/Managed'
Mono path[1] = 'C:/Program Files/Unity/Hub/Editor/2021.3.4f1/Editor/Data/MonoBleedingEdge/lib/mono/unityjit-win32'
Mono config path = 'C:/Program Files/Unity/Hub/Editor/2021.3.4f1/Editor/Data/MonoBleedingEdge/etc'
Using monoOptions --debugger-agent=transport=dt_socket,embedding=1,server=y,suspend=n,address=127.0.0.1:56868
Begin MonoManager ReloadAssembly
Registering precompiled unity dll's ...
Register platform support module: C:/Program Files/Unity/Hub/Editor/2021.3.4f1/Editor/Data/PlaybackEngines/WebGLSupport/UnityEditor.WebGL.Extensions.dll
Register platform support module: C:/Program Files/Unity/Hub/Editor/2021.3.4f1/Editor/Data/PlaybackEngines/WindowsStandaloneSupport/UnityEditor.WindowsStandalone.Extensions.dll
Registered in 0.007015 seconds.
Native extension for WindowsStandalone target not found
Native extension for WebGL target not found
Refreshing native plugins compatible for Editor in 166.92 ms, found 3 plugins.
Preloading 0 native plugins for Editor in 0.00 ms.
Mono: successfully reloaded assembly
- Completed reload, in  1.044 seconds
Domain Reload Profiling:
	ReloadAssembly (1045ms)
		BeginReloadAssembly (93ms)
			ExecutionOrderSort (0ms)
			DisableScriptedObjects (0ms)
			BackupInstance (0ms)
			ReleaseScriptingObjects (0ms)
			CreateAndSetChildDomain (1ms)
		EndReloadAssembly (794ms)
			LoadAssemblies (92ms)
			RebuildTransferFunctionScriptingTraits (0ms)
			SetupTypeCache (208ms)
			ReleaseScriptCaches (0ms)
			RebuildScriptCaches (57ms)
			SetupLoadedEditorAssemblies (444ms)
				LogAssemblyErrors (0ms)
				InitializePlatformSupportModulesInManaged (15ms)
				SetLoadedEditorAssemblies (0ms)
				RefreshPlugins (167ms)
				BeforeProcessingInitializeOnLoad (2ms)
				ProcessInitializeOnLoadAttributes (191ms)
				ProcessInitializeOnLoadMethodAttributes (69ms)
				AfterProcessingInitializeOnLoad (0ms)
				EditorAssembliesLoaded (0ms)
			ExecutionOrderSort2 (0ms)
			AwakeInstancesAfterBackupRestoration (0ms)
Platform modules already initialized, skipping
Registering precompiled user dll's ...
Registered in 0.007900 seconds.
Begin MonoManager ReloadAssembly
Symbol file LoadedFromMemory doesn't match image C:\Users\laiapp4\My project\Library\PackageCache\com.unity.visualscripting@1.7.8\Editor\VisualScripting.Core\Dependencies\YamlDotNet\Unity.VisualScripting.YamlDotNet.dll
Symbol file LoadedFromMemory doesn't match image C:\Users\laiapp4\My project\Library\PackageCache\com.unity.visualscripting@1.7.8\Editor\VisualScripting.Core\Dependencies\DotNetZip\Unity.VisualScripting.IonicZip.dll
Native extension for WindowsStandalone target not found
Native extension for WebGL target not found
Refreshing native plugins compatible for Editor in 0.71 ms, found 3 plugins.
Preloading 0 native plugins for Editor in 0.00 ms.
Mono: successfully reloaded assembly
- Completed reload, in  1.796 seconds
Domain Reload Profiling:
	ReloadAssembly (1797ms)
		BeginReloadAssembly (170ms)
			ExecutionOrderSort (0ms)
			DisableScriptedObjects (9ms)
			BackupInstance (0ms)
			ReleaseScriptingObjects (0ms)
			CreateAndSetChildDomain (27ms)
		EndReloadAssembly (1432ms)
			LoadAssemblies (123ms)
			RebuildTransferFunctionScriptingTraits (0ms)
			SetupTypeCache (455ms)
			ReleaseScriptCaches (1ms)
			RebuildScriptCaches (90ms)
			SetupLoadedEditorAssemblies (698ms)
				LogAssemblyErrors (0ms)
				InitializePlatformSupportModulesInManaged (12ms)
				SetLoadedEditorAssemblies (1ms)
				RefreshPlugins (1ms)
				BeforeProcessingInitializeOnLoad (176ms)
				ProcessInitializeOnLoadAttributes (464ms)
				ProcessInitializeOnLoadMethodAttributes (38ms)
				AfterProcessingInitializeOnLoad (7ms)
				EditorAssembliesLoaded (0ms)
			ExecutionOrderSort2 (0ms)
			AwakeInstancesAfterBackupRestoration (8ms)
Platform modules already initialized, skipping
========================================================================
Worker process is ready to serve import requests
Launched and connected shader compiler UnityShaderCompiler.exe after 0.06 seconds
Refreshing native plugins compatible for Editor in 0.79 ms, found 3 plugins.
Preloading 0 native plugins for Editor in 0.00 ms.
Unloading 3368 Unused Serialized files (Serialized files now loaded: 0)
Unloading 27 unused Assets / (111.0 KB). Loaded Objects now: 3824.
Memory consumption went from 115.8 MB to 115.7 MB.
Total: 5.840700 ms (FindLiveObjects: 0.352900 ms CreateObjectMapping: 0.446400 ms MarkObjects: 4.773100 ms  DeleteObjects: 0.266700 ms)

AssetImportParameters requested are different than current active one (requested -> active):
  custom:video-decoder-ogg-theora: a1e56fd34408186e4bbccfd4996cb3dc -> 
  custom:container-muxer-webm: aa71ff27fc2769a1b78a27578f13a17b -> 
  custom:container-demuxer-webm: 4f35f7cbe854078d1ac9338744f61a02 -> 
  custom:video-encoder-webm-vp8: eb34c28f22e8b96e1ab97ce403110664 -> 
  custom:audio-encoder-webm-vorbis: bf7c407c2cedff20999df2af8eb42d56 -> 
  custom:framework-win-MediaFoundation: 216162199b28c13a410421893ffa2e32 -> 
  custom:container-demuxer-ogg: 62fdf1f143b41e24485cea50d1cbac27 -> 
  custom:video-decoder-webm-vp8: 9c59270c3fd7afecdb556c50c9e8de78 -> 
  custom:audio-decoder-ogg-vorbis: bf7c407c2cedff20999df2af8eb42d56 -> 
========================================================================
Received Import Request.
  Time since last request: 3977.149061 seconds.
  path: Assets/FirstAsignament.unity
  artifactKey: Guid(c828b7d1c377df44bacda2f372fe562a) Importer(815301076,1909f56bfc062723c751e8b465ee728b)
Start importing Assets/FirstAsignament.unity using Guid(c828b7d1c377df44bacda2f372fe562a) Importer(815301076,1909f56bfc062723c751e8b465ee728b)  -> (artifact id: '76fe3e959deb47f43823c879b5f7f501') in 0.012702 seconds 
========================================================================
Received Import Request.
  Time since last request: 85.852795 seconds.
  path: Assets/Low_Poly_Mini_Village
  artifactKey: Guid(337d742e68d891f4da69fd58c5796e00) Importer(815301076,1909f56bfc062723c751e8b465ee728b)
Start importing Assets/Low_Poly_Mini_Village using Guid(337d742e68d891f4da69fd58c5796e00) Importer(815301076,1909f56bfc062723c751e8b465ee728b)  -> (artifact id: '0339640976ab826ab851a7cf1c44bf29') in 0.007804 seconds 
========================================================================
Received Import Request.
  Time since last request: 6.510107 seconds.
  path: Assets/Low_Poly_Mini_Village/Prefabs
  artifactKey: Guid(bf1f19c606e34194d8813a966807a020) Importer(815301076,1909f56bfc062723c751e8b465ee728b)
Start importing Assets/Low_Poly_Mini_Village/Prefabs using Guid(bf1f19c606e34194d8813a966807a020) Importer(815301076,1909f56bfc062723c751e8b465ee728b)  -> (artifact id: 'ef7223e8ee797960f0d9205390e125dc') in 0.010550 seconds 
========================================================================
Received Import Request.
  Time since last request: 0.065267 seconds.
  path: Assets/Low_Poly_Mini_Village/Prefabs/Base.prefab
  artifactKey: Guid(bef79636abe053d4d9a4757b4466bfe9) Importer(815301076,1909f56bfc062723c751e8b465ee728b)
Start importing Assets/Low_Poly_Mini_Village/Prefabs/Base.prefab using Guid(bef79636abe053d4d9a4757b4466bfe9) Importer(815301076,1909f56bfc062723c751e8b465ee728b)  -> (artifact id: '8bf25e8b4d6cb5486ff27680601f3f07') in 0.373090 seconds 
========================================================================
Received Import Request.
  Time since last request: 0.000028 seconds.
  path: Assets/Low_Poly_Mini_Village/Prefabs/Road_sign1.prefab
  artifactKey: Guid(41093631723a72d42bccc0b698461fd2) Importer(815301076,1909f56bfc062723c751e8b465ee728b)
Start importing Assets/Low_Poly_Mini_Village/Prefabs/Road_sign1.prefab using Guid(41093631723a72d42bccc0b698461fd2) Importer(815301076,1909f56bfc062723c751e8b465ee728b)  -> (artifact id: '052039910a915146d667cccd7344087f') in 0.018232 seconds 
========================================================================
Received Import Request.
  Time since last request: 0.000034 seconds.
  path: Assets/Low_Poly_Mini_Village/Prefabs/Ground.prefab
  artifactKey: Guid(e3e0e20c8d3c49843b9f69d078adbdf7) Importer(815301076,1909f56bfc062723c751e8b465ee728b)
Start importing Assets/Low_Poly_Mini_Village/Prefabs/Ground.prefab using Guid(e3e0e20c8d3c49843b9f69d078adbdf7) Importer(815301076,1909f56bfc062723c751e8b465ee728b)  -> (artifact id: '9be19cb068019fd2fdb883396dd87d1a') in 0.017268 seconds 
========================================================================
Received Import Request.
  Time since last request: 0.000023 seconds.
  path: Assets/Low_Poly_Mini_Village/Prefabs/Electric_pole.prefab
  artifactKey: Guid(956a8f08c3fac1547baafd057d820a75) Importer(815301076,1909f56bfc062723c751e8b465ee728b)
Start importing Assets/Low_Poly_Mini_Village/Prefabs/Electric_pole.prefab using Guid(956a8f08c3fac1547baafd057d820a75) Importer(815301076,1909f56bfc062723c751e8b465ee728b)  -> (artifact id: '810863244999cb4da53d9df59d5ef255') in 0.014887 seconds 
========================================================================
Received Import Request.
  Time since last request: 0.000026 seconds.
  path: Assets/Low_Poly_Mini_Village/Prefabs/Grass_3.prefab
  artifactKey: Guid(c4bc74b0a7f30164493f6b2b1cd5969e) Importer(815301076,1909f56bfc062723c751e8b465ee728b)
Start importing Assets/Low_Poly_Mini_Village/Prefabs/Grass_3.prefab using Guid(c4bc74b0a7f30164493f6b2b1cd5969e) Importer(815301076,1909f56bfc062723c751e8b465ee728b)  -> (artifact id: '18ba4bc43c960b1e5ada22cc8833c97d') in 0.379072 seconds 
========================================================================
Received Import Request.
  Time since last request: 0.000047 seconds.
  path: Assets/Low_Poly_Mini_Village/Prefabs/Tree_4.prefab
  artifactKey: Guid(122cf8bf4f49e3842ae0fce025b4bd02) Importer(815301076,1909f56bfc062723c751e8b465ee728b)
Start importing Assets/Low_Poly_Mini_Village/Prefabs/Tree_4.prefab using Guid(122cf8bf4f49e3842ae0fce025b4bd02) Importer(815301076,1909f56bfc062723c751e8b465ee728b)  -> (artifact id: 'c7d9c933831079e9f75e6492304e12ae') in 0.016297 seconds 
========================================================================
Received Import Request.
  Time since last request: 0.000054 seconds.
  path: Assets/Low_Poly_Mini_Village/Prefabs/Electric_cable.prefab
  artifactKey: Guid(0dbda4ea70ba28549b5c445249486cf5) Importer(815301076,1909f56bfc062723c751e8b465ee728b)
Start importing Assets/Low_Poly_Mini_Village/Prefabs/Electric_cable.prefab using Guid(0dbda4ea70ba28549b5c445249486cf5) Importer(815301076,1909f56bfc062723c751e8b465ee728b)  -> (artifact id: 'a6e4d535946ea85a202b269b64ba64bd') in 0.018541 seconds 
========================================================================
Received Import Request.
  Time since last request: 0.000025 seconds.
  path: Assets/Low_Poly_Mini_Village/Prefabs/Wooden_barrel.prefab
  artifactKey: Guid(c230cf9ffea1ef74b9eca483ad69d225) Importer(815301076,1909f56bfc062723c751e8b465ee728b)
Start importing Assets/Low_Poly_Mini_Village/Prefabs/Wooden_barrel.prefab using Guid(c230cf9ffea1ef74b9eca483ad69d225) Importer(815301076,1909f56bfc062723c751e8b465ee728b)  -> (artifact id: '76154f2ab045665155b4db4896d4c5e4') in 0.017906 seconds 
========================================================================
Received Import Request.
  Time since last request: 0.000026 seconds.
  path: Assets/Low_Poly_Mini_Village/Prefabs/Church_1.prefab
  artifactKey: Guid(fec05b3694b2ffb4da8dc2a3fbcd8256) Importer(815301076,1909f56bfc062723c751e8b465ee728b)
Start importing Assets/Low_Poly_Mini_Village/Prefabs/Church_1.prefab using Guid(fec05b3694b2ffb4da8dc2a3fbcd8256) Importer(815301076,1909f56bfc062723c751e8b465ee728b)  -> (artifact id: '7954b18b9d0d044322ab4ceaf3e7cabf') in 0.023373 seconds 
========================================================================
Received Import Request.
  Time since last request: 0.000033 seconds.
  path: Assets/Low_Poly_Mini_Village/Prefabs/Grass_2.prefab
  artifactKey: Guid(161c85f0af49e7b4dad7dd340e1e39fd) Importer(815301076,1909f56bfc062723c751e8b465ee728b)
Start importing Assets/Low_Poly_Mini_Village/Prefabs/Grass_2.prefab using Guid(161c85f0af49e7b4dad7dd340e1e39fd) Importer(815301076,1909f56bfc062723c751e8b465ee728b)  -> (artifact id: 'd79a1314481e26a1f638cc7dcdcb317c') in 0.018615 seconds 
========================================================================
Received Import Request.
  Time since last request: 0.000026 seconds.
  path: Assets/Low_Poly_Mini_Village/Prefabs/Rock_3.prefab
  artifactKey: Guid(ffc545d554bc78c4f9ee506149e450b4) Importer(815301076,1909f56bfc062723c751e8b465ee728b)
Start importing Assets/Low_Poly_Mini_Village/Prefabs/Rock_3.prefab using Guid(ffc545d554bc78c4f9ee506149e450b4) Importer(815301076,1909f56bfc062723c751e8b465ee728b)  -> (artifact id: '9ed18d760e795b311a5257d60b3fc85a') in 0.017524 seconds 
========================================================================
Received Import Request.
  Time since last request: 0.000022 seconds.
  path: Assets/Low_Poly_Mini_Village/Prefabs/Rock_4.prefab
  artifactKey: Guid(750b7a6fa26e20c49b059fef9d453c45) Importer(815301076,1909f56bfc062723c751e8b465ee728b)
Start importing Assets/Low_Poly_Mini_Village/Prefabs/Rock_4.prefab using Guid(750b7a6fa26e20c49b059fef9d453c45) Importer(815301076,1909f56bfc062723c751e8b465ee728b)  -> (artifact id: '7c732029cf29b02dc630c6a6a5fda0ae') in 0.016338 seconds 
========================================================================
Received Import Request.
  Time since last request: 0.000025 seconds.
  path: Assets/Low_Poly_Mini_Village/Prefabs/House_1.prefab
  artifactKey: Guid(2030e0fa2aadfed4b9f99149cab54c72) Importer(815301076,1909f56bfc062723c751e8b465ee728b)
Start importing Assets/Low_Poly_Mini_Village/Prefabs/House_1.prefab using Guid(2030e0fa2aadfed4b9f99149cab54c72) Importer(815301076,1909f56bfc062723c751e8b465ee728b)  -> (artifact id: 'e05c95ed80b442a0e9198a184af0f51f') in 0.016732 seconds 
========================================================================
Received Import Request.
  Time since last request: 0.000025 seconds.
  path: Assets/Low_Poly_Mini_Village/Prefabs/House_3.prefab
  artifactKey: Guid(0ec5d1d949191f44b8281801bfcfe011) Importer(815301076,1909f56bfc062723c751e8b465ee728b)
Start importing Assets/Low_Poly_Mini_Village/Prefabs/House_3.prefab using Guid(0ec5d1d949191f44b8281801bfcfe011) Importer(815301076,1909f56bfc062723c751e8b465ee728b)  -> (artifact id: '56469ed7b989d4ac9a0ed4de394e4cee') in 0.029441 seconds 
========================================================================
Received Import Request.
  Time since last request: 0.000028 seconds.
  path: Assets/Low_Poly_Mini_Village/Prefabs/Rock_1.prefab
  artifactKey: Guid(3a0a30c4014e71342ae79edf0a0e737a) Importer(815301076,1909f56bfc062723c751e8b465ee728b)
Start importing Assets/Low_Poly_Mini_Village/Prefabs/Rock_1.prefab using Guid(3a0a30c4014e71342ae79edf0a0e737a) Importer(815301076,1909f56bfc062723c751e8b465ee728b)  -> (artifact id: '36e3e93e6307c88c3c6da8417eac8eb8') in 0.016597 seconds 
========================================================================
Received Import Request.
  Time since last request: 0.000050 seconds.
  path: Assets/Low_Poly_Mini_Village/Prefabs/Tree_3.prefab
  artifactKey: Guid(0e40fc051ed65994baf499c5b9715ce0) Importer(815301076,1909f56bfc062723c751e8b465ee728b)
Start importing Assets/Low_Poly_Mini_Village/Prefabs/Tree_3.prefab using Guid(0e40fc051ed65994baf499c5b9715ce0) Importer(815301076,1909f56bfc062723c751e8b465ee728b)  -> (artifact id: 'fd3534fbc1d61872d6f54d30d2084df2') in 0.015860 seconds 
